<?xml version="1.0" encoding="UTF-8"?>
<!-- Generated by org.testng.reporters.JUnitReportReporter -->
<testsuite hostname="DESKTOP-6GUIH8S" failures="0" tests="1" name="testCases.TestCase3" time="8.115" errors="0" timestamp="2023-10-02T21:53:26 IST" skipped="0">
  <testcase classname="testCases.TestCase3" name="testDay3TestCase3" time="8.115"/>
</testsuite> <!-- testCases.TestCase3 -->
