<?xml version="1.0" encoding="UTF-8"?>
<!-- Generated by org.testng.reporters.JUnitReportReporter -->
<testsuite hostname="DESKTOP-6GUIH8S" failures="0" tests="2" name="Mobile.MobileTests" time="2.537" errors="0" timestamp="2023-10-02T20:14:51 IST" skipped="0">
  <testcase classname="Mobile.MobileTests" name="verifyMobileTests" time="2.516"/>
  <testcase classname="Mobile.MobileTests" name="verifyTitle" time="0.021"/>
</testsuite> <!-- Mobile.MobileTests -->
