<?xml version="1.0" encoding="UTF-8"?>
<!-- Generated by org.testng.reporters.JUnitReportReporter -->
<testsuite hostname="DESKTOP-6GUIH8S" failures="0" tests="1" name="testCases.TestCase2" time="6.324" errors="0" timestamp="2023-10-03T21:01:06 IST" skipped="0">
  <testcase classname="testCases.TestCase2" name="testDay2TestCase2" time="6.324"/>
</testsuite> <!-- testCases.TestCase2 -->
