<?xml version="1.0" encoding="UTF-8"?>
<!-- Generated by org.testng.reporters.JUnitReportReporter -->
<testsuite hostname="DESKTOP-TJTMERO" failures="0" tests="2" name="Mobile.MobileTests" time="3.064" errors="0" timestamp="2023-09-28T23:24:55 IST" skipped="0">
  <testcase classname="Mobile.MobileTests" name="verifyTitle" time="0.033"/>
  <testcase classname="Mobile.MobileTests" name="verifyMobileTests" time="3.031"/>
</testsuite> <!-- Mobile.MobileTests -->
