<?xml version="1.0" encoding="UTF-8"?>
<!-- Generated by org.testng.reporters.JUnitReportReporter -->
<testsuite hostname="DESKTOP-TJTMERO" failures="0" tests="1" name="testCases.TestCase1" time="6.619" errors="0" timestamp="2023-09-30T21:14:39 IST" skipped="0">
  <testcase classname="testCases.TestCase1" name="testDay1TestCase1" time="6.619"/>
</testsuite> <!-- testCases.TestCase1 -->
