<?xml version="1.0" encoding="UTF-8"?>
<!-- Generated by org.testng.reporters.JUnitReportReporter -->
<testsuite hostname="DESKTOP-6GUIH8S" failures="0" tests="1" name="testcase.TestCase3" time="7.386" errors="0" timestamp="2023-10-03T21:09:31 IST" skipped="0">
  <testcase classname="testcase.TestCase3" name="testDay3TestCase3" time="7.386"/>
</testsuite> <!-- testcase.TestCase3 -->
