<?xml version="1.0" encoding="UTF-8"?>
<!-- Generated by org.testng.reporters.JUnitReportReporter -->
<testsuite hostname="DESKTOP-6GUIH8S" failures="0" tests="1" name="testcase.TestCase4" time="8.729" errors="0" timestamp="2023-10-03T22:44:02 IST" skipped="0">
  <testcase classname="testcase.TestCase4" name="testVerifyPopupContent" time="8.729"/>
</testsuite> <!-- testcase.TestCase4 -->
